
[19/02/2026, 01:39:17 pm IST] Method: GET | Route: /
[19/02/2026, 01:39:43 pm IST] Method: GET | Route: /
[19/02/2026, 01:40:22 pm IST] Method: GET | Route: /
[19/02/2026, 01:40:36 pm IST] Method: GET | Route: /
[19/02/2026, 01:40:38 pm IST] Method: GET | Route: /contact
[19/02/2026, 01:40:38 pm IST] Method: GET | Route: /about
[19/02/2026, 01:40:38 pm IST] Method: GET | Route: /contact
[19/02/2026, 01:40:38 pm IST] Method: GET | Route: /about
[19/02/2026, 01:40:39 pm IST] Method: GET | Route: /contact
[19/02/2026, 01:40:39 pm IST] Method: GET | Route: /about
[19/02/2026, 01:40:39 pm IST] Method: GET | Route: /contact
[19/02/2026, 01:40:39 pm IST] Method: GET | Route: /about
[19/02/2026, 01:40:40 pm IST] Method: GET | Route: /contact
[19/02/2026, 01:40:40 pm IST] Method: GET | Route: /about
[19/02/2026, 01:40:40 pm IST] Method: GET | Route: /contact
[19/02/2026, 01:40:40 pm IST] Method: GET | Route: /about
[19/02/2026, 01:40:41 pm IST] Method: GET | Route: /contact
[19/02/2026, 01:40:41 pm IST] Method: GET | Route: /about
[19/02/2026, 01:40:41 pm IST] Method: GET | Route: /contact
[19/02/2026, 01:40:41 pm IST] Method: GET | Route: /about
[19/02/2026, 01:40:42 pm IST] Method: GET | Route: /contact
[19/02/2026, 01:40:42 pm IST] Method: GET | Route: /about
[19/02/2026, 01:40:42 pm IST] Method: GET | Route: /contact
[19/02/2026, 01:40:42 pm IST] Method: GET | Route: /about
[19/02/2026, 01:40:43 pm IST] Method: GET | Route: /contact
[19/02/2026, 01:40:43 pm IST] Method: GET | Route: /about
[19/02/2026, 01:40:43 pm IST] Method: GET | Route: /contact
[19/02/2026, 01:49:47 pm IST] Method: GET | Route: /
[19/02/2026, 01:49:49 pm IST] Method: GET | Route: /contact
[19/02/2026, 01:49:49 pm IST] Method: GET | Route: /about
[19/02/2026, 01:49:49 pm IST] Method: GET | Route: /contact
[19/02/2026, 02:13:50 pm IST] Method: GET | Route: /add/Buy%20Milk
[19/02/2026, 02:13:51 pm IST] Method: GET | Route: /favicon.ico
[19/02/2026, 02:13:55 pm IST] Method: GET | Route: /add/Learn%20Node.js
[19/02/2026, 02:13:59 pm IST] Method: GET | Route: /notes
[19/02/2026, 02:14:02 pm IST] Method: GET | Route: /clear
[19/02/2026, 02:14:06 pm IST] Method: GET | Route: /notes
[19/02/2026, 02:14:12 pm IST] Method: GET | Route: /add/Buy%20Milk
[19/02/2026, 02:14:15 pm IST] Method: GET | Route: /add/Learn%20Node.js
[19/02/2026, 02:14:19 pm IST] Method: GET | Route: /notes
[19/02/2026, 02:14:23 pm IST] Method: GET | Route: /clear
[19/02/2026, 02:14:26 pm IST] Method: GET | Route: /notes
[19/02/2026, 02:14:33 pm IST] Method: GET | Route: /add/Buy%20Milk
[19/02/2026, 02:14:38 pm IST] Method: GET | Route: /add/Learn%20Node.js
[19/02/2026, 02:14:42 pm IST] Method: GET | Route: /notes
[19/02/2026, 02:14:46 pm IST] Method: GET | Route: /clear
[19/02/2026, 02:14:50 pm IST] Method: GET | Route: /notes
[19/02/2026, 02:14:56 pm IST] Method: GET | Route: /notes
[19/02/2026, 02:15:00 pm IST] Method: GET | Route: /add/Buy%20Milk
[19/02/2026, 02:15:01 pm IST] Method: GET | Route: /add/Learn%20Node.js
[19/02/2026, 02:15:01 pm IST] Method: GET | Route: /notes
[19/02/2026, 02:15:05 pm IST] Method: GET | Route: /clear
[19/02/2026, 02:15:05 pm IST] Method: GET | Route: /notes
[19/02/2026, 02:16:25 pm IST] Method: GET | Route: /notes
[19/02/2026, 02:16:28 pm IST] Method: GET | Route: /
[19/02/2026, 02:16:30 pm IST] Method: GET | Route: /contact
[19/02/2026, 02:17:43 pm IST] Method: GET | Route: /
[19/02/2026, 02:17:49 pm IST] Method: GET | Route: /notes/
[19/02/2026, 02:17:52 pm IST] Method: GET | Route: /notes
[19/02/2026, 02:18:04 pm IST] Method: GET | Route: /notes
